<?xml version="1.0" encoding="UTF-8"?>
<!-- Generated by org.testng.reporters.JUnitReportReporter -->
<testsuite hostname="DESKTOP-707FQN2" failures="0" tests="1" name="apiTests.WeatherAPITest" time="2.860" errors="0" timestamp="2025-01-17T22:23:32 EET" skipped="0">
  <testcase classname="apiTests.WeatherAPITest" name="testWeatherDetails" time="2.860"/>
</testsuite> <!-- apiTests.WeatherAPITest -->
