<?xml version="1.0" encoding="UTF-8"?>
<!-- Generated by org.testng.reporters.JUnitReportReporter -->
<testsuite hostname="DESKTOP-707FQN2" failures="0" tests="1" name="apiTests.FlightAPITest" time="2.686" errors="0" timestamp="2025-01-17T21:59:03 EET" skipped="0">
  <testcase classname="apiTests.FlightAPITest" name="testFlightDetails" time="2.686"/>
</testsuite> <!-- apiTests.FlightAPITest -->
